[01:03:08] [ServerMain/INFO]: Environment: authHost='https://authserver.mojang.com', accountsHost='https://api.mojang.com', sessionHost='https://sessionserver.mojang.com', servicesHost='https://api.minecraftservices.com', name='PROD'
[01:03:09] [Worker-Main-1/INFO]: Loaded 7 recipes
[01:03:09] [Server thread/INFO]: Starting minecraft server version 1.18.2
[01:03:09] [Server thread/INFO]: Loading properties
[01:03:10] [Server thread/INFO]: This server is running Paper version git-Paper-312 (MC: 1.18.2) (Implementing API version 1.18.2-R0.1-SNAPSHOT) (Git: ce059b4)
[01:03:10] [Server thread/INFO]: Server Ping Player Sample Count: 12
[01:03:10] [Server thread/INFO]: Using 4 threads for Netty based IO
[01:03:10] [Server thread/INFO]: Default game type: SURVIVAL
[01:03:10] [Server thread/INFO]: Generating keypair
[01:03:10] [Server thread/INFO]: Starting Minecraft server on *:25565
[01:03:10] [Server thread/INFO]: Using default channel type
[01:03:10] [Server thread/INFO]: Paper: Using Java 11 compression from Velocity.
[01:03:10] [Server thread/INFO]: Paper: Using Java cipher from Velocity.
[01:03:10] [Server thread/INFO]: [LuckPerms] Loading LuckPerms v5.4.9
[01:03:10] [Server thread/INFO]: [NametagEdit] Loading NametagEdit v4.5.5
[01:03:10] [Server thread/INFO]: [Essentials] Loading Essentials v2.19.4
[01:03:10] [Server thread/INFO]: [UserLogin] Loading UserLogin v2.13.1
[01:03:10] [Server thread/INFO]: [ProtocolLib] Loading ProtocolLib v4.8.0
[01:03:11] [Server thread/INFO]: [Orebfuscator] Loading Orebfuscator v5.2.6
[01:03:11] [Server thread/INFO]: Server permissions file permissions.yml is empty, ignoring it
[01:03:11] [Server thread/INFO]: [LuckPerms] Enabling LuckPerms v5.4.9
[01:03:11] [Server thread/INFO]:         __    
[01:03:11] [Server thread/INFO]:   |    |__)   LuckPerms v5.4.9
[01:03:11] [Server thread/INFO]:   |___ |      Running on Bukkit - Paper
[01:03:11] [Server thread/INFO]: 
[01:03:11] [Server thread/INFO]: [LuckPerms] Loading configuration...
[01:03:12] [Server thread/INFO]: [LuckPerms] Loading storage provider... [YAML]
[01:03:12] [Server thread/INFO]: [LuckPerms] Loading internal permission managers...
[01:03:12] [Server thread/INFO]: [LuckPerms] Performing initial data load...
[01:03:12] [Server thread/INFO]: [LuckPerms] Successfully enabled. (took 726ms)
[01:03:12] [Server thread/INFO]: [ProtocolLib] Enabling ProtocolLib v4.8.0
[01:03:12] [Server thread/INFO]: [ProtocolLib] Started structure compiler thread.
[01:03:12] [Server thread/WARN]: **** SERVER IS RUNNING IN OFFLINE/INSECURE MODE!
[01:03:12] [Server thread/WARN]: The server will make no attempt to authenticate usernames. Beware.
[01:03:12] [Server thread/WARN]: While this makes the game possible to play without internet access, it also opens up the ability for hackers to connect with any username they choose.
[01:03:12] [Server thread/WARN]: To change this, set "online-mode" to "true" in the server.properties file.
[01:03:12] [Server thread/INFO]: Preparing level "world"
[01:03:12] [Server thread/INFO]: Preparing start region for dimension minecraft:overworld
[01:03:13] [Server thread/INFO]: Time elapsed: 179 ms
[01:03:13] [Server thread/INFO]: Preparing start region for dimension minecraft:the_nether
[01:03:13] [Server thread/INFO]: Time elapsed: 100 ms
[01:03:13] [Server thread/INFO]: Preparing start region for dimension minecraft:the_end
[01:03:13] [Server thread/INFO]: Time elapsed: 75 ms
[01:03:13] [Server thread/INFO]: [NametagEdit] Enabling NametagEdit v4.5.5
[01:03:13] [Server thread/INFO]: [NametagEdit] Found LuckPerms! Hooking in.
[01:03:13] [Server thread/INFO]: [Essentials] Enabling Essentials v2.19.4
[01:03:14] [Server thread/INFO]: [Essentials] Attempting to convert old kits in config.yml to new kits.yml
[01:03:14] [Server thread/INFO]: [Essentials] No kits found to migrate.
[01:03:14] [Server thread/INFO]: [Essentials] Loaded 36926 items from items.json.
[01:03:14] [Server thread/INFO]: [Essentials] Using locale es_EC
[01:03:14] [Server thread/INFO]: [Essentials] ServerListPingEvent: Spigot iterator API
[01:03:14] [Server thread/INFO]: [Essentials] Starting Metrics. Opt-out using the global bStats config.
[01:03:14] [Server thread/WARN]: [Essentials] Detected supported permissions plugin LuckPerms without Vault installed.
[01:03:14] [Server thread/WARN]: [Essentials] Features such as chat prefixes/suffixes and group-related functionality will not work until you install Vault.
[01:03:14] [Server thread/INFO]: [Essentials] Using superperms-based permissions.
[01:03:14] [Server thread/INFO]: [UserLogin] Enabling UserLogin v2.13.1
[01:03:14] [Server thread/INFO]: [UserLogin] UserLogin v2.13.1 enabled
[01:03:14] [Server thread/INFO]: [Orebfuscator] Enabling Orebfuscator v5.2.6
[01:03:14] [Server thread/INFO]: Running delayed init tasks
[01:03:14] [Craft Scheduler Thread - 0 - Essentials/INFO]: [Essentials] §6Obteniendo información de versión...
[01:03:14] [Server thread/INFO]: Done (4.805s)! For help, type "help"
[01:03:14] [Server thread/INFO]: Timings Reset
[01:03:14] [User Authenticator #1/INFO]: UUID of player LJChuello is 965f3bdf-7172-38df-a962-eb12e66612ab
[01:03:15] [Craft Scheduler Thread - 4 - UserLogin/INFO]: [UserLogin] Running latest version! (v2.13.1)
[01:03:15] [Server thread/INFO]: LJChuello[/127.0.0.1:60693] logged in with entity id 1 at ([world]-32.0, 69.0, -32.0)
[01:03:32] [Server thread/INFO]: LJChuello issued server command: /lp user LJChuello parent clear
[01:03:32] [luckperms-command-executor/INFO]: [LP] LOG > (LJChuello) [U] (LJChuello)
[01:03:32] [luckperms-command-executor/INFO]: [LP] LOG > parent clear
[01:03:37] [Server thread/INFO]: LJChuello issued server command: /lp user LJChuello parent add vip
[01:03:37] [luckperms-command-executor/INFO]: [LP] LOG > (LJChuello) [U] (LJChuello)
[01:03:37] [luckperms-command-executor/INFO]: [LP] LOG > parent add vip
[01:04:07] [Server thread/INFO]: Stopping the server
[01:04:07] [Server thread/INFO]: Stopping server
[01:04:07] [Server thread/INFO]: [Orebfuscator] Disabling Orebfuscator v5.2.6
[01:04:08] [Server thread/INFO]: [ProtocolLib] Disabling ProtocolLib v4.8.0
[01:04:08] [Server thread/INFO]: [UserLogin] Disabling UserLogin v2.13.1
[01:04:08] [Server thread/INFO]: [Essentials] Disabling Essentials v2.19.4
[01:04:08] [Server thread/INFO]: [NametagEdit] Disabling NametagEdit v4.5.5
[01:04:08] [Server thread/INFO]: [LuckPerms] Disabling LuckPerms v5.4.9
[01:04:08] [Server thread/INFO]: [LuckPerms] Starting shutdown process...
[01:04:08] [Server thread/INFO]: [LuckPerms] Closing storage...
[01:04:08] [Server thread/INFO]: [LuckPerms] Goodbye!
[01:04:08] [Server thread/INFO]: Saving players
[01:04:08] [Server thread/INFO]: LJChuello lost connection: Server closed
[01:04:08] [Server thread/INFO]: LJChuello left the game
[01:04:08] [Server thread/INFO]: Saving worlds
[01:04:08] [Server thread/INFO]: Saving chunks for level 'ServerLevel[world]'/minecraft:overworld
[01:04:10] [Server thread/INFO]: Saving chunks for level 'ServerLevel[world_nether]'/minecraft:the_nether
[01:04:10] [Server thread/INFO]: Saving chunks for level 'ServerLevel[world_the_end]'/minecraft:the_end
[01:04:10] [Server thread/INFO]: ThreadedAnvilChunkStorage (world): All chunks are saved
[01:04:10] [Server thread/INFO]: ThreadedAnvilChunkStorage (DIM-1): All chunks are saved
[01:04:10] [Server thread/INFO]: ThreadedAnvilChunkStorage (DIM1): All chunks are saved
[01:04:10] [Server thread/INFO]: ThreadedAnvilChunkStorage: All dimensions are saved
[01:04:10] [Server thread/INFO]: Flushing Chunk IO
[01:04:10] [Server thread/INFO]: Closing Thread Pool
